2023-07-16 00:29:16.703 [Thread-31] WARN  c.a.nacos.common.notify.NotifyCenter - [NotifyCenter] Start destroying Publisher
2023-07-16 00:29:16.705 [SpringContextShutdownHook] DEBUG o.s.b.w.s.c.AnnotationConfigServletWebServerApplicationContext - Closing org.springframework.boot.web.servlet.context.AnnotationConfigServletWebServerApplicationContext@75b25825, started on Sat Jul 15 23:58:27 CST 2023, parent: org.springframework.context.annotation.AnnotationConfigApplicationContext@1a4927d6
2023-07-16 00:29:16.703 [Thread-7] WARN  c.a.n.c.http.HttpClientBeanHolder - [HttpClientBeanHolder] Start destroying common HttpClient
2023-07-16 00:29:16.708 [Thread-31] WARN  c.a.nacos.common.notify.NotifyCenter - [NotifyCenter] Destruction of the end
2023-07-16 00:29:16.712 [Thread-7] WARN  c.a.n.c.http.HttpClientBeanHolder - [HttpClientBeanHolder] Destruction of the end
2023-07-16 00:29:17.320 [SpringContextShutdownHook] INFO  o.s.s.c.ThreadPoolTaskScheduler - Shutting down ExecutorService 'Nacos-Watch-Task-Scheduler'
2023-07-16 00:29:17.326 [SpringContextShutdownHook] DEBUG o.s.b.a.e.jmx.JmxEndpointExporter - Unregister endpoint with ObjectName 'org.springframework.boot:type=Endpoint,name=Archaius' from the JMX domain
2023-07-16 00:29:17.327 [SpringContextShutdownHook] DEBUG o.s.b.a.e.jmx.JmxEndpointExporter - Unregister endpoint with ObjectName 'org.springframework.boot:type=Endpoint,name=Nacosconfig' from the JMX domain
2023-07-16 00:29:17.327 [SpringContextShutdownHook] DEBUG o.s.b.a.e.jmx.JmxEndpointExporter - Unregister endpoint with ObjectName 'org.springframework.boot:type=Endpoint,name=Nacosdiscovery' from the JMX domain
2023-07-16 00:29:17.327 [SpringContextShutdownHook] DEBUG o.s.b.a.e.jmx.JmxEndpointExporter - Unregister endpoint with ObjectName 'org.springframework.boot:type=Endpoint,name=Beans' from the JMX domain
2023-07-16 00:29:17.327 [SpringContextShutdownHook] DEBUG o.s.b.a.e.jmx.JmxEndpointExporter - Unregister endpoint with ObjectName 'org.springframework.boot:type=Endpoint,name=Caches' from the JMX domain
2023-07-16 00:29:17.327 [SpringContextShutdownHook] DEBUG o.s.b.a.e.jmx.JmxEndpointExporter - Unregister endpoint with ObjectName 'org.springframework.boot:type=Endpoint,name=Health' from the JMX domain
2023-07-16 00:29:17.327 [SpringContextShutdownHook] DEBUG o.s.b.a.e.jmx.JmxEndpointExporter - Unregister endpoint with ObjectName 'org.springframework.boot:type=Endpoint,name=Info' from the JMX domain
2023-07-16 00:29:17.327 [SpringContextShutdownHook] DEBUG o.s.b.a.e.jmx.JmxEndpointExporter - Unregister endpoint with ObjectName 'org.springframework.boot:type=Endpoint,name=Conditions' from the JMX domain
2023-07-16 00:29:17.327 [SpringContextShutdownHook] DEBUG o.s.b.a.e.jmx.JmxEndpointExporter - Unregister endpoint with ObjectName 'org.springframework.boot:type=Endpoint,name=Configprops' from the JMX domain
2023-07-16 00:29:17.327 [SpringContextShutdownHook] DEBUG o.s.b.a.e.jmx.JmxEndpointExporter - Unregister endpoint with ObjectName 'org.springframework.boot:type=Endpoint,name=Env' from the JMX domain
2023-07-16 00:29:17.327 [SpringContextShutdownHook] DEBUG o.s.b.a.e.jmx.JmxEndpointExporter - Unregister endpoint with ObjectName 'org.springframework.boot:type=Endpoint,name=Loggers' from the JMX domain
2023-07-16 00:29:17.327 [SpringContextShutdownHook] DEBUG o.s.b.a.e.jmx.JmxEndpointExporter - Unregister endpoint with ObjectName 'org.springframework.boot:type=Endpoint,name=Threaddump' from the JMX domain
2023-07-16 00:29:17.327 [SpringContextShutdownHook] DEBUG o.s.b.a.e.jmx.JmxEndpointExporter - Unregister endpoint with ObjectName 'org.springframework.boot:type=Endpoint,name=Metrics' from the JMX domain
2023-07-16 00:29:17.327 [SpringContextShutdownHook] DEBUG o.s.b.a.e.jmx.JmxEndpointExporter - Unregister endpoint with ObjectName 'org.springframework.boot:type=Endpoint,name=Scheduledtasks' from the JMX domain
2023-07-16 00:29:17.327 [SpringContextShutdownHook] DEBUG o.s.b.a.e.jmx.JmxEndpointExporter - Unregister endpoint with ObjectName 'org.springframework.boot:type=Endpoint,name=Mappings' from the JMX domain
2023-07-16 00:29:17.327 [SpringContextShutdownHook] DEBUG o.s.b.a.e.jmx.JmxEndpointExporter - Unregister endpoint with ObjectName 'org.springframework.boot:type=Endpoint,name=Refresh' from the JMX domain
2023-07-16 00:29:17.327 [SpringContextShutdownHook] DEBUG o.s.b.a.e.jmx.JmxEndpointExporter - Unregister endpoint with ObjectName 'org.springframework.boot:type=Endpoint,name=Features' from the JMX domain
2023-07-16 00:29:17.327 [SpringContextShutdownHook] DEBUG o.s.b.a.e.jmx.JmxEndpointExporter - Unregister endpoint with ObjectName 'org.springframework.boot:type=Endpoint,name=Service-registry' from the JMX domain
2023-07-16 00:29:17.328 [SpringContextShutdownHook] INFO  c.a.c.n.r.NacosServiceRegistry - De-registering from Nacos Server now...
2023-07-16 00:29:17.328 [SpringContextShutdownHook] INFO  com.alibaba.nacos.client.naming - [BEAT] removing beat: DEFAULT_GROUP@@leadnews-user:192.168.100.29:51801 from beat map.
2023-07-16 00:29:17.329 [SpringContextShutdownHook] INFO  com.alibaba.nacos.client.naming - [DEREGISTER-SERVICE] public deregistering service DEFAULT_GROUP@@leadnews-user with instance: Instance{instanceId='null', ip='192.168.100.29', port=51801, weight=1.0, healthy=true, enabled=true, ephemeral=true, clusterName='DEFAULT', serviceName='null', metadata={}}
2023-07-16 00:29:17.331 [SpringContextShutdownHook] INFO  c.a.c.n.r.NacosServiceRegistry - De-registration finished.
2023-07-16 00:29:17.332 [SpringContextShutdownHook] INFO  com.alibaba.nacos.client.naming - com.alibaba.nacos.client.naming.beat.BeatReactor do shutdown begin
2023-07-16 00:29:17.660 [com.alibaba.nacos.client.naming.updater] INFO  com.alibaba.nacos.client.naming - removed ips(1) service: DEFAULT_GROUP@@leadnews-user@@DEFAULT -> [{"instanceId":"192.168.100.29#51801#DEFAULT#DEFAULT_GROUP@@leadnews-user","ip":"192.168.100.29","port":51801,"weight":1.0,"healthy":true,"enabled":true,"ephemeral":true,"clusterName":"DEFAULT","serviceName":"DEFAULT_GROUP@@leadnews-user","metadata":{"preserved.register.source":"SPRING_CLOUD"},"ipDeleteTimeout":30000,"instanceHeartBeatInterval":5000,"instanceHeartBeatTimeOut":15000}]
2023-07-16 00:29:17.661 [com.alibaba.nacos.client.naming.updater] INFO  com.alibaba.nacos.client.naming - current ips:(0) service: DEFAULT_GROUP@@leadnews-user@@DEFAULT -> []
2023-07-16 00:29:18.333 [com.alibaba.nacos.naming.push.receiver] INFO  com.alibaba.nacos.client.naming - received push data: {"type":"dom","data":"{\"metadata\":{},\"dom\":\"DEFAULT_GROUP@@leadnews-user\",\"cacheMillis\":10000,\"useSpecifiedURL\":false,\"hosts\":[],\"name\":\"DEFAULT_GROUP@@leadnews-user\",\"checksum\":\"c38ca5dc04ccda8a83dcc1f1c8d63167\",\"lastRefTime\":1689438558195,\"env\":\"\",\"clusters\":\"DEFAULT\"}","lastRefTime":101404126973330} from /192.168.92.99
2023-07-16 00:29:18.775 [SpringContextShutdownHook] INFO  com.alibaba.nacos.client.naming - com.alibaba.nacos.client.naming.beat.BeatReactor do shutdown stop
2023-07-16 00:29:18.775 [SpringContextShutdownHook] INFO  com.alibaba.nacos.client.naming - com.alibaba.nacos.client.naming.core.HostReactor do shutdown begin
2023-07-16 00:29:19.667 [SpringContextShutdownHook] INFO  com.alibaba.nacos.client.naming - com.alibaba.nacos.client.naming.core.PushReceiver do shutdown begin
2023-07-16 00:29:22.696 [SpringContextShutdownHook] INFO  com.alibaba.nacos.client.naming - com.alibaba.nacos.client.naming.core.PushReceiver do shutdown stop
2023-07-16 00:29:22.696 [SpringContextShutdownHook] INFO  com.alibaba.nacos.client.naming - com.alibaba.nacos.client.naming.backups.FailoverReactor do shutdown begin
2023-07-16 00:29:22.696 [SpringContextShutdownHook] INFO  com.alibaba.nacos.client.naming - com.alibaba.nacos.client.naming.backups.FailoverReactor do shutdown stop
2023-07-16 00:29:22.696 [SpringContextShutdownHook] INFO  com.alibaba.nacos.client.naming - com.alibaba.nacos.client.naming.core.HostReactor do shutdown stop
2023-07-16 00:29:22.696 [SpringContextShutdownHook] INFO  com.alibaba.nacos.client.naming - com.alibaba.nacos.client.naming.net.NamingProxy do shutdown begin
2023-07-16 00:29:22.697 [SpringContextShutdownHook] WARN  com.alibaba.nacos.client.naming - [NamingHttpClientManager] Start destroying NacosRestTemplate
2023-07-16 00:29:22.697 [SpringContextShutdownHook] WARN  com.alibaba.nacos.client.naming - [NamingHttpClientManager] Destruction of the end
2023-07-16 00:29:22.697 [SpringContextShutdownHook] INFO  c.a.n.c.identify.CredentialWatcher - [null] CredentialWatcher is stopped
2023-07-16 00:29:22.697 [SpringContextShutdownHook] INFO  c.a.n.c.identify.CredentialService - [null] CredentialService is freed
2023-07-16 00:29:22.697 [SpringContextShutdownHook] INFO  com.alibaba.nacos.client.naming - com.alibaba.nacos.client.naming.net.NamingProxy do shutdown stop
2023-07-16 00:29:22.698 [SpringContextShutdownHook] INFO  o.s.j.e.a.AnnotationMBeanExporter - Could not unregister MBean [com.github.tobato.fastdfs.domain.conn:name=fdfsConnectionPool,type=FdfsConnectionPool] as said MBean is not registered (perhaps already unregistered by an external process)
2023-07-16 00:29:22.699 [SpringContextShutdownHook] INFO  o.s.s.c.ThreadPoolTaskExecutor - Shutting down ExecutorService 'applicationTaskExecutor'
2023-07-16 00:29:22.703 [SpringContextShutdownHook] WARN  o.s.b.f.s.DisposableBeanAdapter - Destroy method 'close' on bean with name 'nacosServiceRegistry' threw an exception: java.lang.NullPointerException
2023-07-16 00:29:22.830 [SpringContextShutdownHook] INFO  com.zaxxer.hikari.HikariDataSource - HikariPool-1 - Shutdown initiated...
2023-07-16 00:29:22.839 [SpringContextShutdownHook] INFO  com.zaxxer.hikari.HikariDataSource - HikariPool-1 - Shutdown completed.
